<?xml version="1.0" encoding="UTF-8"?>
<!-- Generated by org.testng.reporters.JUnitReportReporter -->
<testsuite hostname="Arrows" failures="0" tests="6" name="testNG.TestNG_Group2" time="0.068" errors="0" timestamp="2023-08-09T12:29:31 IST" skipped="0">
  <testcase classname="testNG.TestNG_Group2" name="testCase1" time="0.019"/>
  <testcase classname="testNG.TestNG_Group2" name="testCase2" time="0.013"/>
  <testcase classname="testNG.TestNG_Group2" name="testCase4" time="0.009"/>
  <testcase classname="testNG.TestNG_Group2" name="testCase5" time="0.013"/>
  <testcase classname="testNG.TestNG_Group2" name="testCase6" time="0.007"/>
  <testcase classname="testNG.TestNG_Group2" name="testCase7" time="0.007"/>
</testsuite> <!-- testNG.TestNG_Group2 -->
