<?xml version="1.0" encoding="UTF-8"?>
<!-- Generated by org.testng.reporters.JUnitReportReporter -->
<testsuite hostname="Arrows" failures="0" tests="4" name="runner.Automatation5" time="26.927" errors="0" timestamp="2023-08-09T09:42:34 IST" skipped="1">
  <testcase classname="runner.Automatation5" name="productNames" time="16.911"/>
  <testcase classname="runner.Automatation5" name="topDeals" time="10.006"/>
  <testcase classname="runner.Automatation5" name="disEqual20" time="0.010"/>
  <testcase classname="runner.Automatation5" name="flightBooking">
    <skipped/>
  </testcase> <!-- flightBooking -->
</testsuite> <!-- runner.Automatation5 -->
