<?xml version="1.0" encoding="UTF-8"?>
<!-- Generated by org.testng.reporters.JUnitReportReporter -->
<testsuite hostname="Arrows" failures="0" tests="3" name="testNG.TestNG_DataProvider" time="31.506" errors="0" timestamp="2023-08-11T11:15:17 IST" skipped="0">
  <testcase classname="testNG.TestNG_DataProvider" name="acceptData" time="13.762"/>
  <testcase classname="testNG.TestNG_DataProvider" name="acceptData" time="9.069"/>
  <testcase classname="testNG.TestNG_DataProvider" name="acceptData" time="8.675"/>
</testsuite> <!-- testNG.TestNG_DataProvider -->
