<?xml version="1.0" encoding="UTF-8"?>
<!-- Generated by org.testng.reporters.JUnitReportReporter -->
<testsuite hostname="Arrows" failures="0" tests="1" name="runner.TestRunner" time="13.088" errors="0" timestamp="2023-07-17T17:19:54 IST" skipped="0">
  <testcase classname="runner.TestRunner" name="chromeLaunch" time="13.088"/>
</testsuite> <!-- runner.TestRunner -->
