<?xml version="1.0" encoding="UTF-8"?>
<!-- Generated by org.testng.reporters.JUnitReportReporter -->
<testsuite hostname="Arrows" failures="0" tests="2" name="testNG.ParallelTest2" time="33.738" errors="0" timestamp="2023-08-10T11:12:29 IST" skipped="0">
  <testcase classname="testNG.ParallelTest2" name="launchBrad" time="16.387"/>
  <testcase classname="testNG.ParallelTest2" name="launchGoogle" time="17.351"/>
</testsuite> <!-- testNG.ParallelTest2 -->
