<?xml version="1.0" encoding="UTF-8"?>
<!-- Generated by org.testng.reporters.JUnitReportReporter -->
<testsuite hostname="Arrows" failures="0" tests="1" name="testNG.First_TestNG_Ex" time="0.054" errors="0" timestamp="2023-08-09T11:48:39 IST" skipped="0">
  <testcase classname="testNG.First_TestNG_Ex" name="name6" time="0.054"/>
</testsuite> <!-- testNG.First_TestNG_Ex -->
