<?xml version="1.0" encoding="UTF-8"?>
<!-- Generated by org.testng.reporters.JUnitReportReporter -->
<testsuite hostname="Arrows" failures="0" tests="2" name="testNG.CrossBrowserTest" time="27.990" errors="0" timestamp="2023-08-11T11:52:39 IST" skipped="0">
  <testcase classname="testNG.CrossBrowserTest" name="testCases" time="14.310"/>
  <testcase classname="testNG.CrossBrowserTest" name="testCases" time="13.680"/>
</testsuite> <!-- testNG.CrossBrowserTest -->
