<?xml version="1.0" encoding="UTF-8"?>
<!-- Generated by org.testng.reporters.JUnitReportReporter -->
<testsuite hostname="Arrows" failures="0" tests="2" name="fileReading.Excel_RW_EX" time="2.524" errors="0" timestamp="2023-08-16T10:38:15 IST" skipped="0">
  <testcase classname="fileReading.Excel_RW_EX" name="noOf_Rows_Cell" time="0.375"/>
  <testcase classname="fileReading.Excel_RW_EX" name="excel" time="2.149"/>
</testsuite> <!-- fileReading.Excel_RW_EX -->
