<?xml version="1.0" encoding="UTF-8"?>
<!-- Generated by org.testng.reporters.JUnitReportReporter -->
<testsuite hostname="Arrows" failures="0" tests="2" name="assignmentsSelenium.DiscountPercentage" time="11.643" errors="0" timestamp="2023-08-09T13:51:26 IST" skipped="0">
  <testcase classname="assignmentsSelenium.DiscountPercentage" name="productNames" time="11.631"/>
  <testcase classname="assignmentsSelenium.DiscountPercentage" name="disEqual20" time="0.012"/>
</testsuite> <!-- assignmentsSelenium.DiscountPercentage -->
