<?xml version="1.0" encoding="UTF-8"?>
<!-- Generated by org.testng.reporters.JUnitReportReporter -->
<testsuite hostname="Arrows" failures="0" tests="1" name="testNG.TestNGParameter" time="0.056" errors="0" timestamp="2023-08-10T12:14:13 IST" skipped="0">
  <testcase classname="testNG.TestNGParameter" name="testparameter" time="0.056"/>
</testsuite> <!-- testNG.TestNGParameter -->
